<?xml version="1.0" encoding="UTF-8"?>
<testng-results ignored="0" total="2" passed="2" failed="0" skipped="0">
  <reporter-output>
  </reporter-output>
  <suite started-at="2024-06-28T12:06:33Z" name="Path2Usa Test Suite" finished-at="2024-06-28T12:06:34Z" duration-ms="832">
    <groups>
      <group name="cucumber">
        <method signature="AbstractTestNGCucumberTests.runScenario(io.cucumber.testng.PickleWrapper, io.cucumber.testng.FeatureWrapper)[pri:0, instance:Runners.TestNgTestRunner@60015ef5]" name="runScenario" class="io.cucumber.testng.AbstractTestNGCucumberTests"/>
      </group> <!-- cucumber -->
    </groups>
    <test started-at="2024-06-28T12:06:33Z" name="My Test" finished-at="2024-06-28T12:06:34Z" duration-ms="832">
      <class name="Runners.TestNgTestRunner">
        <test-method is-config="true" signature="setUpClass(org.testng.ITestContext)[pri:0, instance:Runners.TestNgTestRunner@60015ef5]" started-at="2024-06-28T17:36:33Z" name="setUpClass" finished-at="2024-06-28T17:36:34Z" duration-ms="653" status="PASS">
          <params>
            <param index="0">
              <value>
                <![CDATA[org.testng.TestRunner@3fb1549b]]>
              </value>
            </param>
          </params>
          <reporter-output>
          </reporter-output>
        </test-method> <!-- setUpClass -->
        <test-method signature="runScenario(io.cucumber.testng.PickleWrapper, io.cucumber.testng.FeatureWrapper)[pri:0, instance:Runners.TestNgTestRunner@60015ef5]" started-at="2024-06-28T17:36:34Z" name="runScenario" description="Runs Cucumber Scenarios" data-provider="scenarios" finished-at="2024-06-28T17:36:34Z" duration-ms="85" status="PASS">
          <params>
            <param index="0">
              <value>
                <![CDATA["Check Train Ticket available"]]>
              </value>
            </param>
            <param index="1">
              <value>
                <![CDATA["Check Train Ticket"]]>
              </value>
            </param>
          </params>
          <reporter-output>
          </reporter-output>
        </test-method> <!-- runScenario -->
        <test-method signature="runScenario(io.cucumber.testng.PickleWrapper, io.cucumber.testng.FeatureWrapper)[pri:0, instance:Runners.TestNgTestRunner@60015ef5]" started-at="2024-06-28T17:36:34Z" name="runScenario" description="Runs Cucumber Scenarios" data-provider="scenarios" finished-at="2024-06-28T17:36:34Z" duration-ms="11" status="PASS">
          <params>
            <param index="0">
              <value>
                <![CDATA["Check Train Ticket available"]]>
              </value>
            </param>
            <param index="1">
              <value>
                <![CDATA["Check Train Ticket"]]>
              </value>
            </param>
          </params>
          <reporter-output>
          </reporter-output>
        </test-method> <!-- runScenario -->
        <test-method is-config="true" signature="tearDownClass()[pri:0, instance:Runners.TestNgTestRunner@60015ef5]" started-at="2024-06-28T17:36:34Z" name="tearDownClass" finished-at="2024-06-28T17:36:34Z" duration-ms="61" status="PASS">
          <reporter-output>
          </reporter-output>
        </test-method> <!-- tearDownClass -->
      </class> <!-- Runners.TestNgTestRunner -->
    </test> <!-- My Test -->
  </suite> <!-- Path2Usa Test Suite -->
</testng-results>
