<?xml version="1.0" encoding="UTF-8"?>
<testng-results ignored="0" total="2" passed="2" failed="0" skipped="0">
  <reporter-output>
  </reporter-output>
  <suite started-at="2024-06-28T13:08:30Z" name="Default suite" finished-at="2024-06-28T13:08:39Z" duration-ms="9141">
    <groups>
      <group name="cucumber">
        <method signature="AbstractTestNGCucumberTests.runScenario(io.cucumber.testng.PickleWrapper, io.cucumber.testng.FeatureWrapper)[pri:0, instance:Runners.TestNgTestRunner@56673b2c]" name="runScenario" class="io.cucumber.testng.AbstractTestNGCucumberTests"/>
      </group> <!-- cucumber -->
    </groups>
    <test started-at="2024-06-28T13:08:30Z" name="Default test" finished-at="2024-06-28T13:08:39Z" duration-ms="9141">
      <class name="Runners.TestNgTestRunner">
        <test-method is-config="true" signature="setUpClass(org.testng.ITestContext)[pri:0, instance:Runners.TestNgTestRunner@56673b2c]" started-at="2024-06-28T18:38:30Z" name="setUpClass" finished-at="2024-06-28T18:38:31Z" duration-ms="644" status="PASS">
          <params>
            <param index="0">
              <value>
                <![CDATA[org.testng.TestRunner@19a20bb2]]>
              </value>
            </param>
          </params>
          <reporter-output>
          </reporter-output>
        </test-method> <!-- setUpClass -->
        <test-method signature="runScenario(io.cucumber.testng.PickleWrapper, io.cucumber.testng.FeatureWrapper)[pri:0, instance:Runners.TestNgTestRunner@56673b2c]" started-at="2024-06-28T18:38:31Z" name="runScenario" description="Runs Cucumber Scenarios" data-provider="scenarios" finished-at="2024-06-28T18:38:36Z" duration-ms="4957" status="PASS">
          <params>
            <param index="0">
              <value>
                <![CDATA["Check Train Ticket available"]]>
              </value>
            </param>
            <param index="1">
              <value>
                <![CDATA["Check Train Ticket"]]>
              </value>
            </param>
          </params>
          <reporter-output>
          </reporter-output>
        </test-method> <!-- runScenario -->
        <test-method signature="runScenario(io.cucumber.testng.PickleWrapper, io.cucumber.testng.FeatureWrapper)[pri:0, instance:Runners.TestNgTestRunner@56673b2c]" started-at="2024-06-28T18:38:36Z" name="runScenario" description="Runs Cucumber Scenarios" data-provider="scenarios" finished-at="2024-06-28T18:38:39Z" duration-ms="3418" status="PASS">
          <params>
            <param index="0">
              <value>
                <![CDATA["Check Train Ticket available"]]>
              </value>
            </param>
            <param index="1">
              <value>
                <![CDATA["Check Train Ticket"]]>
              </value>
            </param>
          </params>
          <reporter-output>
          </reporter-output>
        </test-method> <!-- runScenario -->
        <test-method is-config="true" signature="tearDownClass()[pri:0, instance:Runners.TestNgTestRunner@56673b2c]" started-at="2024-06-28T18:38:39Z" name="tearDownClass" finished-at="2024-06-28T18:38:39Z" duration-ms="81" status="PASS">
          <reporter-output>
          </reporter-output>
        </test-method> <!-- tearDownClass -->
      </class> <!-- Runners.TestNgTestRunner -->
    </test> <!-- Default test -->
  </suite> <!-- Default suite -->
</testng-results>
